<?xml version="1.0" encoding="UTF-8"?>
<testsuite xmlns:xsi="http://www.w3.org/2001/XMLSchema-instance" xsi:noNamespaceSchemaLocation="https://maven.apache.org/surefire/maven-surefire-plugin/xsd/surefire-test-report.xsd" name="uta.cse.cse3310.JSBSimEdit.RetrieveUnitTest" time="0.025" tests="1" errors="0" skipped="0" failures="0">
  <properties>
    <property name="exec.mainClass" value="uta.cse.cse3310.JSBSimEdit.App"/>
    <property name="java.specification.version" value="21"/>
    <property name="sun.jnu.encoding" value="UTF-8"/>
    <property name="java.class.path" value="/Users/jasonlu/Documents/College/UTA classes/FL23/3310 Fundamental SWE/Project/cse3310_fa23_group_3/target/test-classes:/Users/jasonlu/Documents/College/UTA classes/FL23/3310 Fundamental SWE/Project/cse3310_fa23_group_3/target/classes:/Users/jasonlu/.m2/repository/junit/junit/4.11/junit-4.11.jar:/Users/jasonlu/.m2/repository/org/hamcrest/hamcrest-core/1.3/hamcrest-core-1.3.jar:/Users/jasonlu/.m2/repository/jakarta/xml/bind/jakarta.xml.bind-api/4.0.0/jakarta.xml.bind-api-4.0.0.jar:/Users/jasonlu/.m2/repository/jakarta/activation/jakarta.activation-api/2.1.0/jakarta.activation-api-2.1.0.jar:/Users/jasonlu/.m2/repository/com/sun/xml/bind/jaxb-impl/4.0.0/jaxb-impl-4.0.0.jar:/Users/jasonlu/.m2/repository/com/sun/xml/bind/jaxb-core/4.0.0/jaxb-core-4.0.0.jar:/Users/jasonlu/.m2/repository/org/eclipse/angus/angus-activation/1.0.0/angus-activation-1.0.0.jar:/Users/jasonlu/.m2/repository/com/googlecode/json-simple/json-simple/1.1.1/json-simple-1.1.1.jar:/Users/jasonlu/.m2/repository/org/json/json/20190722/json-20190722.jar:"/>
    <property name="java.vm.vendor" value="Homebrew"/>
    <property name="sun.arch.data.model" value="64"/>
    <property name="java.vendor.url" value="https://github.com/Homebrew/homebrew-core/issues"/>
    <property name="os.name" value="Mac OS X"/>
    <property name="java.vm.specification.version" value="21"/>
    <property name="sun.java.launcher" value="SUN_STANDARD"/>
    <property name="user.country" value="US"/>
    <property name="sun.boot.library.path" value="/opt/homebrew/Cellar/openjdk/21/libexec/openjdk.jdk/Contents/Home/lib"/>
    <property name="sun.java.command" value="/Users/jasonlu/Documents/College/UTA classes/FL23/3310 Fundamental SWE/Project/cse3310_fa23_group_3/target/surefire/surefirebooter15157491819320017043.jar /Users/jasonlu/Documents/College/UTA classes/FL23/3310 Fundamental SWE/Project/cse3310_fa23_group_3/target/surefire 2023-12-12T20-37-37_550-jvmRun1 surefire16837328316370531637tmp surefire_010133660890951344tmp"/>
    <property name="http.nonProxyHosts" value="local|*.local|169.254/16|*.169.254/16"/>
    <property name="jdk.debug" value="release"/>
    <property name="surefire.test.class.path" value="/Users/jasonlu/Documents/College/UTA classes/FL23/3310 Fundamental SWE/Project/cse3310_fa23_group_3/target/test-classes:/Users/jasonlu/Documents/College/UTA classes/FL23/3310 Fundamental SWE/Project/cse3310_fa23_group_3/target/classes:/Users/jasonlu/.m2/repository/junit/junit/4.11/junit-4.11.jar:/Users/jasonlu/.m2/repository/org/hamcrest/hamcrest-core/1.3/hamcrest-core-1.3.jar:/Users/jasonlu/.m2/repository/jakarta/xml/bind/jakarta.xml.bind-api/4.0.0/jakarta.xml.bind-api-4.0.0.jar:/Users/jasonlu/.m2/repository/jakarta/activation/jakarta.activation-api/2.1.0/jakarta.activation-api-2.1.0.jar:/Users/jasonlu/.m2/repository/com/sun/xml/bind/jaxb-impl/4.0.0/jaxb-impl-4.0.0.jar:/Users/jasonlu/.m2/repository/com/sun/xml/bind/jaxb-core/4.0.0/jaxb-core-4.0.0.jar:/Users/jasonlu/.m2/repository/org/eclipse/angus/angus-activation/1.0.0/angus-activation-1.0.0.jar:/Users/jasonlu/.m2/repository/com/googlecode/json-simple/json-simple/1.1.1/json-simple-1.1.1.jar:/Users/jasonlu/.m2/repository/org/json/json/20190722/json-20190722.jar:"/>
    <property name="sun.cpu.endian" value="little"/>
    <property name="user.home" value="/Users/jasonlu"/>
    <property name="user.language" value="en"/>
    <property name="java.specification.vendor" value="Oracle Corporation"/>
    <property name="java.version.date" value="2023-09-19"/>
    <property name="java.home" value="/opt/homebrew/Cellar/openjdk/21/libexec/openjdk.jdk/Contents/Home"/>
    <property name="file.separator" value="/"/>
    <property name="basedir" value="/Users/jasonlu/Documents/College/UTA classes/FL23/3310 Fundamental SWE/Project/cse3310_fa23_group_3"/>
    <property name="java.vm.compressedOopsMode" value="Zero based"/>
    <property name="line.separator" value="&#10;"/>
    <property name="java.vm.specification.vendor" value="Oracle Corporation"/>
    <property name="java.specification.name" value="Java Platform API Specification"/>
    <property name="apple.awt.application.name" value="ForkedBooter"/>
    <property name="surefire.real.class.path" value="/Users/jasonlu/Documents/College/UTA classes/FL23/3310 Fundamental SWE/Project/cse3310_fa23_group_3/target/surefire/surefirebooter15157491819320017043.jar"/>
    <property name="sun.management.compiler" value="HotSpot 64-Bit Tiered Compilers"/>
    <property name="ftp.nonProxyHosts" value="local|*.local|169.254/16|*.169.254/16"/>
    <property name="java.runtime.version" value="21"/>
    <property name="user.name" value="jasonlu"/>
    <property name="stdout.encoding" value="UTF-8"/>
    <property name="path.separator" value=":"/>
    <property name="os.version" value="13.5.1"/>
    <property name="java.runtime.name" value="OpenJDK Runtime Environment"/>
    <property name="file.encoding" value="UTF-8"/>
    <property name="java.vm.name" value="OpenJDK 64-Bit Server VM"/>
    <property name="java.vendor.version" value="Homebrew"/>
    <property name="localRepository" value="/Users/jasonlu/.m2/repository"/>
    <property name="java.vendor.url.bug" value="https://github.com/Homebrew/homebrew-core/issues"/>
    <property name="java.io.tmpdir" value="/var/folders/k3/rqx7spk95xs4jtj8q6k984600000gn/T/"/>
    <property name="java.version" value="21"/>
    <property name="user.dir" value="/Users/jasonlu/Documents/College/UTA classes/FL23/3310 Fundamental SWE/Project/cse3310_fa23_group_3"/>
    <property name="os.arch" value="aarch64"/>
    <property name="java.vm.specification.name" value="Java Virtual Machine Specification"/>
    <property name="native.encoding" value="UTF-8"/>
    <property name="java.library.path" value="/Users/jasonlu/Library/Java/Extensions:/Library/Java/Extensions:/Network/Library/Java/Extensions:/System/Library/Java/Extensions:/usr/lib/java:."/>
    <property name="java.vm.info" value="mixed mode, sharing"/>
    <property name="stderr.encoding" value="UTF-8"/>
    <property name="java.vendor" value="Homebrew"/>
    <property name="java.vm.version" value="21"/>
    <property name="sun.io.unicode.encoding" value="UnicodeBig"/>
    <property name="socksNonProxyHosts" value="local|*.local|169.254/16|*.169.254/16"/>
    <property name="java.class.version" value="65.0"/>
  </properties>
  <testcase name="testGetFieldValue" classname="uta.cse.cse3310.JSBSimEdit.RetrieveUnitTest" time="0.025"/>
</testsuite>